0 info it worked if it ends with ok
1 verbose cli [ '/usr/bin/node',
1 verbose cli   '/usr/bin/npm',
1 verbose cli   'install',
1 verbose cli   'angular2-google-maps' ]
2 info using npm@2.15.0
3 info using node@v0.12.13
4 verbose node symlink /usr/bin/node
5 verbose install initial load of /home/dsykes/Apps/CQ/package.json
6 warn package.json cq@ No repository field.
7 warn package.json cq@ No README data
8 warn package.json cq@ No license field.
9 verbose installManyTop reading scoped package data from /home/dsykes/Apps/CQ/node_modules/angular2-google-maps/package.json
10 verbose installManyTop reading scoped package data from /home/dsykes/Apps/CQ/node_modules/del/package.json
11 verbose installManyTop reading scoped package data from /home/dsykes/Apps/CQ/node_modules/es6-shim/package.json
12 verbose installManyTop reading scoped package data from /home/dsykes/Apps/CQ/node_modules/gulp/package.json
13 verbose installManyTop reading scoped package data from /home/dsykes/Apps/CQ/node_modules/gulp-watch/package.json
14 verbose installManyTop reading scoped package data from /home/dsykes/Apps/CQ/node_modules/ionic-angular/package.json
15 verbose installManyTop reading scoped package data from /home/dsykes/Apps/CQ/node_modules/ionic-gulp-browserify-typescript/package.json
16 verbose installManyTop reading scoped package data from /home/dsykes/Apps/CQ/node_modules/ionic-gulp-fonts-copy/package.json
17 verbose installManyTop reading scoped package data from /home/dsykes/Apps/CQ/node_modules/ionic-gulp-html-copy/package.json
18 verbose installManyTop reading scoped package data from /home/dsykes/Apps/CQ/node_modules/ionic-gulp-sass-build/package.json
19 verbose installManyTop reading scoped package data from /home/dsykes/Apps/CQ/node_modules/ionic-gulp-scripts-copy/package.json
20 verbose installManyTop reading scoped package data from /home/dsykes/Apps/CQ/node_modules/ionic-gulp-tslint/package.json
21 verbose installManyTop reading scoped package data from /home/dsykes/Apps/CQ/node_modules/ionic-native/package.json
22 verbose installManyTop reading scoped package data from /home/dsykes/Apps/CQ/node_modules/ionicons/package.json
23 verbose installManyTop reading scoped package data from /home/dsykes/Apps/CQ/node_modules/reflect-metadata/package.json
24 verbose installManyTop reading scoped package data from /home/dsykes/Apps/CQ/node_modules/run-sequence/package.json
25 verbose installManyTop reading scoped package data from /home/dsykes/Apps/CQ/node_modules/rxjs/package.json
26 verbose installManyTop reading scoped package data from /home/dsykes/Apps/CQ/node_modules/tslint-ionic-rules/package.json
27 verbose installManyTop reading scoped package data from /home/dsykes/Apps/CQ/node_modules/zone.js/package.json
28 verbose installManyTop reading scoped package data from /home/dsykes/Apps/CQ/node_modules/@angular/common/package.json
29 verbose installManyTop reading scoped package data from /home/dsykes/Apps/CQ/node_modules/@angular/compiler/package.json
30 verbose installManyTop reading scoped package data from /home/dsykes/Apps/CQ/node_modules/@angular/core/package.json
31 verbose installManyTop reading scoped package data from /home/dsykes/Apps/CQ/node_modules/@angular/http/package.json
32 verbose installManyTop reading scoped package data from /home/dsykes/Apps/CQ/node_modules/@angular/platform-browser/package.json
33 verbose installManyTop reading scoped package data from /home/dsykes/Apps/CQ/node_modules/@angular/platform-browser-dynamic/package.json
34 info package.json ionic-gulp-fonts-copy@1.0.0 No repository field.
35 info package.json ionic-gulp-fonts-copy@1.0.0 No license field.
36 info package.json @angular/common@2.0.0-rc.3 No description
37 info package.json @angular/core@2.0.0-rc.3 No description
38 info package.json @angular/http@2.0.0-rc.3 No description
39 info package.json @angular/platform-browser-dynamic@2.0.0-rc.3 No description
40 info package.json @angular/compiler@2.0.0-rc.3 No description
41 info package.json @angular/platform-browser@2.0.0-rc.3 No description
42 verbose readDependencies loading dependencies from /home/dsykes/Apps/CQ/package.json
43 verbose install angular2-google-maps is installed as 0.12.0
44 silly cache add args [ 'angular2-google-maps', null ]
45 verbose cache add spec angular2-google-maps
46 silly cache add parsed spec { raw: 'angular2-google-maps',
46 silly cache add   scope: null,
46 silly cache add   name: 'angular2-google-maps',
46 silly cache add   rawSpec: '',
46 silly cache add   spec: 'latest',
46 silly cache add   type: 'tag' }
47 silly addNamed angular2-google-maps@latest
48 verbose addNamed "latest" is being treated as a dist-tag for angular2-google-maps
49 info addNameTag [ 'angular2-google-maps', 'latest' ]
50 silly mapToRegistry name angular2-google-maps
51 silly mapToRegistry using default registry
52 silly mapToRegistry registry https://registry.npmjs.org/
53 silly mapToRegistry data { raw: 'angular2-google-maps',
53 silly mapToRegistry   scope: null,
53 silly mapToRegistry   name: 'angular2-google-maps',
53 silly mapToRegistry   rawSpec: '',
53 silly mapToRegistry   spec: 'latest',
53 silly mapToRegistry   type: 'tag' }
54 silly mapToRegistry uri https://registry.npmjs.org/angular2-google-maps
55 verbose addNameTag registry:https://registry.npmjs.org/angular2-google-maps not in flight; fetching
56 verbose request uri https://registry.npmjs.org/angular2-google-maps
57 verbose request no auth needed
58 info attempt registry request try #1 at 1:58:27 PM
59 verbose request id dc7311a3729ed953
60 verbose etag "AI7SVVVECJ7DFMKB5VL7P7PWR"
61 http request GET https://registry.npmjs.org/angular2-google-maps
62 http 304 https://registry.npmjs.org/angular2-google-maps
63 verbose headers { date: 'Tue, 02 Aug 2016 17:58:30 GMT',
63 verbose headers   via: '1.1 varnish',
63 verbose headers   'cache-control': 'max-age=300',
63 verbose headers   etag: '"AI7SVVVECJ7DFMKB5VL7P7PWR"',
63 verbose headers   age: '0',
63 verbose headers   connection: 'keep-alive',
63 verbose headers   'x-served-by': 'cache-ord1736-ORD',
63 verbose headers   'x-cache': 'HIT',
63 verbose headers   'x-cache-hits': '1',
63 verbose headers   'x-timer': 'S1470160710.268988,VS0,VE87',
63 verbose headers   vary: 'Accept-Encoding' }
64 silly get cb [ 304,
64 silly get   { date: 'Tue, 02 Aug 2016 17:58:30 GMT',
64 silly get     via: '1.1 varnish',
64 silly get     'cache-control': 'max-age=300',
64 silly get     etag: '"AI7SVVVECJ7DFMKB5VL7P7PWR"',
64 silly get     age: '0',
64 silly get     connection: 'keep-alive',
64 silly get     'x-served-by': 'cache-ord1736-ORD',
64 silly get     'x-cache': 'HIT',
64 silly get     'x-cache-hits': '1',
64 silly get     'x-timer': 'S1470160710.268988,VS0,VE87',
64 silly get     vary: 'Accept-Encoding' } ]
65 verbose etag https://registry.npmjs.org/angular2-google-maps from cache
66 verbose get saving angular2-google-maps to /root/.npm/registry.npmjs.org/angular2-google-maps/.cache.json
67 verbose correctMkdir /root/.npm correctMkdir not in flight; initializing
68 silly addNameTag next cb for angular2-google-maps with tag latest
69 silly addNamed angular2-google-maps@0.12.0
70 verbose addNamed "0.12.0" is a plain semver version for angular2-google-maps
71 silly cache afterAdd angular2-google-maps@0.12.0
72 verbose afterAdd /root/.npm/angular2-google-maps/0.12.0/package/package.json not in flight; writing
73 verbose correctMkdir /root/.npm correctMkdir not in flight; initializing
74 verbose afterAdd /root/.npm/angular2-google-maps/0.12.0/package/package.json written
75 silly install resolved [ { name: 'angular2-google-maps',
75 silly install resolved     version: '0.12.0',
75 silly install resolved     description: 'Angular 2 components for Google Maps',
75 silly install resolved     repository:
75 silly install resolved      { type: 'git',
75 silly install resolved        url: 'git+https://github.com/SebastianM/angular2-google-maps.git' },
75 silly install resolved     keywords: [ 'angular2', 'google-maps', 'ng2', 'maps' ],
75 silly install resolved     author:
75 silly install resolved      { name: 'Sebastian Müller',
75 silly install resolved        email: 'info@sebastian-mueller.net' },
75 silly install resolved     license: 'MIT',
75 silly install resolved     bugs: { url: 'https://github.com/SebastianM/angular2-google-maps/issues' },
75 silly install resolved     homepage: 'https://github.com/SebastianM/angular2-google-maps#readme',
75 silly install resolved     dependencies: {},
75 silly install resolved     jspm: { jspmNodeConversion: false, dependencies: [Object] },
75 silly install resolved     peerDependencies:
75 silly install resolved      { '@angular/common': '2.0.0-rc.2',
75 silly install resolved        '@angular/compiler': '2.0.0-rc.2',
75 silly install resolved        '@angular/core': '2.0.0-rc.2',
75 silly install resolved        '@angular/platform-browser': '2.0.0-rc.2',
75 silly install resolved        '@angular/platform-browser-dynamic': '2.0.0-rc.2',
75 silly install resolved        'es6-shim': '^0.35.0',
75 silly install resolved        'reflect-metadata': '^0.1.3',
75 silly install resolved        rxjs: '5.0.0-beta.6',
75 silly install resolved        'zone.js': '^0.6.12' },
75 silly install resolved     _id: 'angular2-google-maps@0.12.0',
75 silly install resolved     scripts: {},
75 silly install resolved     _shasum: '69369b96df2a0d60dfd35a62a6ccb6bfb8d4d92c',
75 silly install resolved     _from: 'angular2-google-maps@latest',
75 silly install resolved     _resolved: 'https://registry.npmjs.org/angular2-google-maps/-/angular2-google-maps-0.12.0.tgz',
75 silly install resolved     _npmVersion: '3.8.6',
75 silly install resolved     _nodeVersion: '5.11.1',
75 silly install resolved     _npmUser: { name: 'sebastianm', email: 'info@sebastian-mueller.net' },
75 silly install resolved     dist:
75 silly install resolved      { shasum: '69369b96df2a0d60dfd35a62a6ccb6bfb8d4d92c',
75 silly install resolved        tarball: 'https://registry.npmjs.org/angular2-google-maps/-/angular2-google-maps-0.12.0.tgz' },
75 silly install resolved     maintainers: [ [Object] ],
75 silly install resolved     _npmOperationalInternal:
75 silly install resolved      { host: 'packages-16-east.internal.npmjs.com',
75 silly install resolved        tmp: 'tmp/angular2-google-maps-0.12.0.tgz_1466535295138_0.6407862023916095' },
75 silly install resolved     directories: {},
75 silly install resolved     readme: 'ERROR: No README data found!' } ]
76 info install angular2-google-maps@0.12.0 into /home/dsykes/Apps/CQ
77 info installOne angular2-google-maps@0.12.0
78 verbose installOne of angular2-google-maps to /home/dsykes/Apps/CQ not in flight; installing
79 verbose correctMkdir /root/.npm/_locks correctMkdir not in flight; initializing
80 verbose lock using /root/.npm/_locks/angular2-google-maps-4605874cae742415.lock for /home/dsykes/Apps/CQ/node_modules/angular2-google-maps
81 silly install write writing angular2-google-maps 0.12.0 to /home/dsykes/Apps/CQ/node_modules/angular2-google-maps
82 verbose unbuild node_modules/angular2-google-maps
83 info preuninstall angular2-google-maps@0.12.0
84 info uninstall angular2-google-maps@0.12.0
85 verbose unbuild rmStuff angular2-google-maps@0.12.0 from /home/dsykes/Apps/CQ/node_modules
86 info postuninstall angular2-google-maps@0.12.0
87 silly gentlyRm /home/dsykes/Apps/CQ/node_modules/angular2-google-maps is being purged from base /home/dsykes/Apps/CQ
88 verbose gentlyRm don't care about contents; nuking /home/dsykes/Apps/CQ/node_modules/angular2-google-maps
89 silly vacuum-fs purging /home/dsykes/Apps/CQ/node_modules/angular2-google-maps
90 silly vacuum-fs quitting because other entries in /home/dsykes/Apps/CQ/node_modules
91 verbose tar unpack /root/.npm/angular2-google-maps/0.12.0/package.tgz
92 verbose tar unpacking to /home/dsykes/Apps/CQ/node_modules/angular2-google-maps
93 silly gentlyRm /home/dsykes/Apps/CQ/node_modules/angular2-google-maps is being purged
94 verbose gentlyRm don't care about contents; nuking /home/dsykes/Apps/CQ/node_modules/angular2-google-maps
95 silly gunzTarPerm modes [ '755', '644' ]
96 silly gunzTarPerm extractEntry package.json
97 silly gunzTarPerm extractEntry README.md
98 silly gunzTarPerm extractEntry LICENSE
99 silly gunzTarPerm extractEntry core/core.umd.js
100 silly gunzTarPerm extractEntry core/services.js
101 silly gunzTarPerm extractEntry core/directives-const.js
102 silly gunzTarPerm extractEntry core/index.js
103 silly gunzTarPerm extractEntry core/directives.js
104 silly gunzTarPerm extractEntry core/events.js
105 silly gunzTarPerm extractEntry core/directives-const.js.map
106 silly gunzTarPerm extractEntry core/directives.d.ts
107 silly gunzTarPerm extractEntry core/events.d.ts
108 silly gunzTarPerm extractEntry core/directives/google-map-info-window.js
109 silly gunzTarPerm extractEntry core/directives/google-map-circle.js
110 silly gunzTarPerm extractEntry core/directives/google-map-marker.js
111 silly gunzTarPerm extractEntry core/directives/google-map.js
112 silly gunzTarPerm extractEntry core/directives/google-map-marker.d.ts
113 silly gunzTarPerm extractEntry core/directives/google-map-info-window.js.map
114 silly gunzTarPerm extractEntry core/directives/google-map-circle.js.map
115 silly gunzTarPerm extractEntry core/directives/google-map-info-window.d.ts
116 silly gunzTarPerm extractEntry core/directives/google-map-marker.js.map
117 silly gunzTarPerm extractEntry core/directives/google-map.d.ts
118 silly gunzTarPerm extractEntry core/directives/google-map-circle.d.ts
119 silly gunzTarPerm extractEntry core/directives/google-map.js.map
120 silly gunzTarPerm extractEntry core/events.js.map
121 silly gunzTarPerm extractEntry core/index.d.ts
122 silly gunzTarPerm extractEntry core/directives.js.map
123 silly gunzTarPerm extractEntry core/index.js.map
124 silly gunzTarPerm extractEntry core/services/google-maps-api-wrapper.js
125 silly gunzTarPerm extractEntry core/services/google-maps-types.js
126 silly gunzTarPerm extractEntry core/services/google-maps-api-wrapper.d.ts
127 silly gunzTarPerm extractEntry core/services/google-maps-api-wrapper.js.map
128 silly gunzTarPerm extractEntry core/services/google-maps-types.d.ts
129 silly gunzTarPerm extractEntry core/services/google-maps-types.js.map
130 silly gunzTarPerm extractEntry core/services/managers/circle-manager.js
131 silly gunzTarPerm extractEntry core/services/managers/info-window-manager.js
132 silly gunzTarPerm extractEntry core/services/managers/marker-manager.js
133 silly gunzTarPerm extractEntry core/services/managers/circle-manager.d.ts
134 silly gunzTarPerm extractEntry core/services/managers/circle-manager.js.map
135 silly gunzTarPerm extractEntry core/services/managers/info-window-manager.d.ts
136 silly gunzTarPerm extractEntry core/services/managers/info-window-manager.js.map
137 silly gunzTarPerm extractEntry core/services/managers/marker-manager.d.ts
138 silly gunzTarPerm extractEntry core/services/managers/marker-manager.js.map
139 silly gunzTarPerm extractEntry core/services/maps-api-loader/lazy-maps-api-loader.js
140 silly gunzTarPerm extractEntry core/services/maps-api-loader/maps-api-loader.js
141 silly gunzTarPerm extractEntry core/services/maps-api-loader/noop-maps-api-loader.js
142 silly gunzTarPerm extractEntry core/services/maps-api-loader/lazy-maps-api-loader.d.ts
143 silly gunzTarPerm extractEntry core/services/maps-api-loader/lazy-maps-api-loader.js.map
144 silly gunzTarPerm extractEntry core/services/maps-api-loader/maps-api-loader.d.ts
145 silly gunzTarPerm extractEntry core/services/maps-api-loader/maps-api-loader.js.map
146 silly gunzTarPerm extractEntry core/services/maps-api-loader/noop-maps-api-loader.d.ts
147 silly gunzTarPerm extractEntry core/services/maps-api-loader/noop-maps-api-loader.js.map
148 silly gunzTarPerm extractEntry core/services.d.ts
149 silly gunzTarPerm extractEntry core/directives-const.d.ts
150 silly gunzTarPerm extractEntry core/services.js.map
151 silly gunzTarPerm extractEntry core/utils/browser-globals.js
152 silly gunzTarPerm extractEntry core/utils/browser-globals.d.ts
153 silly gunzTarPerm extractEntry core/utils/browser-globals.js.map
154 silly gunzTarPerm extractEntry esm/core/directives.js
155 silly gunzTarPerm extractEntry esm/core/events.js
156 silly gunzTarPerm extractEntry esm/core/directives-const.js
157 silly gunzTarPerm extractEntry esm/core/index.js
158 silly gunzTarPerm extractEntry esm/core/services.js
159 silly gunzTarPerm extractEntry esm/core/events.js.map
160 silly gunzTarPerm extractEntry esm/core/directives/google-map-circle.js
161 silly gunzTarPerm extractEntry esm/core/directives/google-map-info-window.js
162 silly gunzTarPerm extractEntry esm/core/directives/google-map-marker.js
163 silly gunzTarPerm extractEntry esm/core/directives/google-map.js
164 silly gunzTarPerm extractEntry esm/core/directives/google-map-circle.js.map
165 silly gunzTarPerm extractEntry esm/core/directives/google-map-info-window.js.map
166 silly gunzTarPerm extractEntry esm/core/directives/google-map-marker.js.map
167 silly gunzTarPerm extractEntry esm/core/directives/google-map.js.map
168 silly gunzTarPerm extractEntry esm/core/directives.js.map
169 silly gunzTarPerm extractEntry esm/core/index.js.map
170 silly gunzTarPerm extractEntry esm/core/services/google-maps-api-wrapper.js
171 silly gunzTarPerm extractEntry esm/core/services/google-maps-types.js
172 silly gunzTarPerm extractEntry esm/core/services/google-maps-api-wrapper.js.map
173 silly gunzTarPerm extractEntry esm/core/services/google-maps-types.js.map
174 silly gunzTarPerm extractEntry esm/core/services/managers/circle-manager.js
175 silly gunzTarPerm extractEntry esm/core/services/managers/info-window-manager.js
176 silly gunzTarPerm extractEntry esm/core/services/managers/marker-manager.js
177 silly gunzTarPerm extractEntry esm/core/services/managers/circle-manager.js.map
178 silly gunzTarPerm extractEntry esm/core/services/managers/info-window-manager.js.map
179 silly gunzTarPerm extractEntry esm/core/services/managers/marker-manager.js.map
180 silly gunzTarPerm extractEntry esm/core/services/maps-api-loader/lazy-maps-api-loader.js
181 silly gunzTarPerm extractEntry esm/core/services/maps-api-loader/maps-api-loader.js
182 silly gunzTarPerm extractEntry esm/core/services/maps-api-loader/noop-maps-api-loader.js
183 silly gunzTarPerm extractEntry esm/core/services/maps-api-loader/lazy-maps-api-loader.js.map
184 silly gunzTarPerm extractEntry esm/core/services/maps-api-loader/maps-api-loader.js.map
185 silly gunzTarPerm extractEntry esm/core/services/maps-api-loader/noop-maps-api-loader.js.map
186 silly gunzTarPerm extractEntry esm/core/directives-const.js.map
187 silly gunzTarPerm extractEntry esm/core/services.js.map
188 silly gunzTarPerm extractEntry esm/core/utils/browser-globals.js
189 silly gunzTarPerm extractEntry esm/core/utils/browser-globals.js.map
190 silly gunzTarPerm extractEntry ts/core/directives/google-map-circle.ts
191 silly gunzTarPerm extractEntry ts/core/directives/google-map-info-window.ts
192 silly gunzTarPerm extractEntry ts/core/directives/google-map-marker.ts
193 silly gunzTarPerm extractEntry ts/core/directives/google-map.ts
194 silly gunzTarPerm extractEntry ts/core/directives-const.ts
195 silly gunzTarPerm extractEntry ts/core/directives.ts
196 silly gunzTarPerm extractEntry ts/core/events.ts
197 silly gunzTarPerm extractEntry ts/core/index.ts
198 silly gunzTarPerm extractEntry ts/core/services/google-maps-api-wrapper.ts
199 silly gunzTarPerm extractEntry ts/core/services/google-maps-types.ts
200 silly gunzTarPerm extractEntry ts/core/services/managers/circle-manager.ts
201 silly gunzTarPerm extractEntry ts/core/services/managers/info-window-manager.ts
202 silly gunzTarPerm extractEntry ts/core/services/managers/marker-manager.ts
203 silly gunzTarPerm extractEntry ts/core/services/maps-api-loader/lazy-maps-api-loader.ts
204 silly gunzTarPerm extractEntry ts/core/services/maps-api-loader/maps-api-loader.ts
205 silly gunzTarPerm extractEntry ts/core/services/maps-api-loader/noop-maps-api-loader.ts
206 silly gunzTarPerm extractEntry ts/core/services.ts
207 silly gunzTarPerm extractEntry ts/core/utils/browser-globals.ts
208 verbose write writing to /home/dsykes/Apps/CQ/node_modules/angular2-google-maps/package.json
209 info preinstall angular2-google-maps@0.12.0
210 verbose readDependencies loading dependencies from /home/dsykes/Apps/CQ/node_modules/angular2-google-maps/package.json
211 silly prepareForInstallMany adding @angular/common@2.0.0-rc.2 from angular2-google-maps peerDependencies
212 silly prepareForInstallMany adding @angular/compiler@2.0.0-rc.2 from angular2-google-maps peerDependencies
213 silly prepareForInstallMany adding @angular/core@2.0.0-rc.2 from angular2-google-maps peerDependencies
214 silly prepareForInstallMany adding @angular/platform-browser@2.0.0-rc.2 from angular2-google-maps peerDependencies
215 silly prepareForInstallMany adding @angular/platform-browser-dynamic@2.0.0-rc.2 from angular2-google-maps peerDependencies
216 warn peerDependencies The peer dependency @angular/common@2.0.0-rc.2 included from angular2-google-maps will no
217 warn peerDependencies longer be automatically installed to fulfill the peerDependency
218 warn peerDependencies in npm 3+. Your application will need to depend on it explicitly.
219 warn peerDependencies The peer dependency @angular/compiler@2.0.0-rc.2 included from angular2-google-maps will no
220 warn peerDependencies longer be automatically installed to fulfill the peerDependency
221 warn peerDependencies in npm 3+. Your application will need to depend on it explicitly.
222 warn peerDependencies The peer dependency @angular/core@2.0.0-rc.2 included from angular2-google-maps will no
223 warn peerDependencies longer be automatically installed to fulfill the peerDependency
224 warn peerDependencies in npm 3+. Your application will need to depend on it explicitly.
225 warn peerDependencies The peer dependency @angular/platform-browser@2.0.0-rc.2 included from angular2-google-maps will no
226 warn peerDependencies longer be automatically installed to fulfill the peerDependency
227 warn peerDependencies in npm 3+. Your application will need to depend on it explicitly.
228 warn peerDependencies The peer dependency @angular/platform-browser-dynamic@2.0.0-rc.2 included from angular2-google-maps will no
229 warn peerDependencies longer be automatically installed to fulfill the peerDependency
230 warn peerDependencies in npm 3+. Your application will need to depend on it explicitly.
231 verbose readDependencies loading dependencies from /home/dsykes/Apps/CQ/node_modules/angular2-google-maps/package.json
232 silly install resolved []
233 verbose about to build /home/dsykes/Apps/CQ/node_modules/angular2-google-maps
234 info build /home/dsykes/Apps/CQ/node_modules/angular2-google-maps
235 info linkStuff angular2-google-maps@0.12.0
236 silly linkStuff angular2-google-maps@0.12.0 has /home/dsykes/Apps/CQ/node_modules as its parent node_modules
237 verbose linkBins angular2-google-maps@0.12.0
238 verbose linkMans angular2-google-maps@0.12.0
239 verbose rebuildBundles angular2-google-maps@0.12.0
240 info install angular2-google-maps@0.12.0
241 info postinstall angular2-google-maps@0.12.0
242 verbose readDependencies loading dependencies from /home/dsykes/Apps/CQ/package.json
243 verbose targetResolver reading package data from /home/dsykes/Apps/CQ/node_modules/angular2-google-maps/package.json
244 verbose targetResolver reading package data from /home/dsykes/Apps/CQ/node_modules/del/package.json
245 verbose targetResolver reading package data from /home/dsykes/Apps/CQ/node_modules/es6-shim/package.json
246 verbose targetResolver reading package data from /home/dsykes/Apps/CQ/node_modules/gulp/package.json
247 verbose targetResolver reading package data from /home/dsykes/Apps/CQ/node_modules/gulp-watch/package.json
248 verbose targetResolver reading package data from /home/dsykes/Apps/CQ/node_modules/ionic-angular/package.json
249 verbose targetResolver reading package data from /home/dsykes/Apps/CQ/node_modules/ionic-gulp-browserify-typescript/package.json
250 verbose targetResolver reading package data from /home/dsykes/Apps/CQ/node_modules/ionic-gulp-fonts-copy/package.json
251 verbose targetResolver reading package data from /home/dsykes/Apps/CQ/node_modules/ionic-gulp-html-copy/package.json
252 verbose targetResolver reading package data from /home/dsykes/Apps/CQ/node_modules/ionic-gulp-sass-build/package.json
253 verbose targetResolver reading package data from /home/dsykes/Apps/CQ/node_modules/ionic-gulp-scripts-copy/package.json
254 verbose targetResolver reading package data from /home/dsykes/Apps/CQ/node_modules/ionic-gulp-tslint/package.json
255 verbose targetResolver reading package data from /home/dsykes/Apps/CQ/node_modules/ionic-native/package.json
256 verbose targetResolver reading package data from /home/dsykes/Apps/CQ/node_modules/ionicons/package.json
257 verbose targetResolver reading package data from /home/dsykes/Apps/CQ/node_modules/reflect-metadata/package.json
258 verbose targetResolver reading package data from /home/dsykes/Apps/CQ/node_modules/run-sequence/package.json
259 verbose targetResolver reading package data from /home/dsykes/Apps/CQ/node_modules/rxjs/package.json
260 verbose targetResolver reading package data from /home/dsykes/Apps/CQ/node_modules/tslint-ionic-rules/package.json
261 verbose targetResolver reading package data from /home/dsykes/Apps/CQ/node_modules/zone.js/package.json
262 verbose targetResolver reading package data from /home/dsykes/Apps/CQ/node_modules/.bin/gulp/package.json
263 verbose targetResolver reading package data from /home/dsykes/Apps/CQ/node_modules/@angular/common/package.json
264 verbose targetResolver reading package data from /home/dsykes/Apps/CQ/node_modules/@angular/compiler/package.json
265 verbose targetResolver reading package data from /home/dsykes/Apps/CQ/node_modules/@angular/core/package.json
266 verbose targetResolver reading package data from /home/dsykes/Apps/CQ/node_modules/@angular/http/package.json
267 verbose targetResolver reading package data from /home/dsykes/Apps/CQ/node_modules/@angular/platform-browser/package.json
268 verbose targetResolver reading package data from /home/dsykes/Apps/CQ/node_modules/@angular/platform-browser-dynamic/package.json
269 verbose already installed skipping @angular/platform-browser@2.0.0-rc.2 /home/dsykes/Apps/CQ
270 verbose already installed skipping @angular/platform-browser-dynamic@2.0.0-rc.2 /home/dsykes/Apps/CQ
271 verbose already installed skipping @angular/common@2.0.0-rc.2 /home/dsykes/Apps/CQ
272 verbose already installed skipping @angular/compiler@2.0.0-rc.2 /home/dsykes/Apps/CQ
273 verbose already installed skipping @angular/core@2.0.0-rc.2 /home/dsykes/Apps/CQ
274 silly install resolved []
275 verbose unlock done using /root/.npm/_locks/angular2-google-maps-4605874cae742415.lock for /home/dsykes/Apps/CQ/node_modules/angular2-google-maps
276 verbose validateInstall loading /home/dsykes/Apps/CQ/package.json for validation
277 verbose stack Error: The package @angular/common@2.0.0-rc.3 does not satisfy its siblings' peerDependencies requirements!
277 verbose stack     at /usr/lib/node_modules/npm/lib/install.js:125:32
277 verbose stack     at /usr/lib/node_modules/npm/lib/install.js:268:7
277 verbose stack     at /usr/lib/node_modules/npm/node_modules/read-installed/read-installed.js:142:5
277 verbose stack     at /usr/lib/node_modules/npm/node_modules/read-installed/read-installed.js:263:14
277 verbose stack     at cb (/usr/lib/node_modules/npm/node_modules/slide/lib/async-map.js:47:24)
277 verbose stack     at /usr/lib/node_modules/npm/node_modules/read-installed/read-installed.js:263:14
277 verbose stack     at cb (/usr/lib/node_modules/npm/node_modules/slide/lib/async-map.js:47:24)
277 verbose stack     at /usr/lib/node_modules/npm/node_modules/read-installed/read-installed.js:263:14
277 verbose stack     at cb (/usr/lib/node_modules/npm/node_modules/slide/lib/async-map.js:47:24)
277 verbose stack     at /usr/lib/node_modules/npm/node_modules/read-installed/read-installed.js:263:14
278 verbose cwd /home/dsykes/Apps/CQ
279 error Linux 3.13.0-24-generic
280 error argv "/usr/bin/node" "/usr/bin/npm" "install" "angular2-google-maps"
281 error node v0.12.13
282 error npm  v2.15.0
283 error code EPEERINVALID
284 error peerinvalid The package @angular/common@2.0.0-rc.3 does not satisfy its siblings' peerDependencies requirements!
284 error peerinvalid Peer @angular/platform-browser@2.0.0-rc.3 wants @angular/common@2.0.0-rc.3
284 error peerinvalid Peer @angular/platform-browser-dynamic@2.0.0-rc.3 wants @angular/common@2.0.0-rc.3
284 error peerinvalid Peer ionic-angular@2.0.0-beta.10 wants @angular/common@^2.0.0-rc.3
284 error peerinvalid Peer angular2-google-maps@0.12.0 wants @angular/common@2.0.0-rc.2
285 verbose exit [ 1, true ]
